<?xml version="1.0" encoding="UTF-8"?>
<!-- Generated by org.testng.reporters.JUnitReportReporter -->
<testsuite skipped="0" hostname="Muhammads-MacBook-Air.local" name="dropDownMenu.TestDropMenu" tests="1" failures="0" timestamp="19 May 2018 07:20:47 GMT" time="6.053" errors="0">
  <testcase name="dropMenuList" time="6.053" classname="dropDownMenu.TestDropMenu"/>
</testsuite> <!-- dropDownMenu.TestDropMenu -->
