<?xml version="1.0" encoding="UTF-8"?>
<!-- Generated by org.testng.reporters.JUnitReportReporter -->
<testsuite skipped="0" hostname="Muhammads-MacBook-Air.local" name="search.TestLandingPage" tests="1" failures="0" timestamp="19 May 2018 07:20:47 GMT" time="43.131" errors="0">
  <testcase name="test1" time="43.131" classname="search.TestLandingPage"/>
</testsuite> <!-- search.TestLandingPage -->
