<?xml version="1.0" encoding="UTF-8"?>
<!-- Generated by org.testng.reporters.JUnitReportReporter -->
<testsuite skipped="0" hostname="Muhammads-MacBook-Air.local" name="getQuote.TestCarInsQuote" tests="1" failures="0" timestamp="19 May 2018 14:18:17 GMT" time="34.741" errors="0">
  <testcase name="getCarInsQuote" time="34.741" classname="getQuote.TestCarInsQuote"/>
</testsuite> <!-- getQuote.TestCarInsQuote -->
