<?xml version="1.0" encoding="UTF-8"?>
<!-- Generated by org.testng.reporters.JUnitReportReporter -->
<testsuite skipped="0" hostname="Muhammads-MacBook-Air.local" name="database.page.TestSqlDataPage" tests="1" failures="0" timestamp="23 May 2018 01:24:19 GMT" time="17.565" errors="0">
  <testcase name="testDataBase" time="17.565" classname="database.page.TestSqlDataPage"/>
</testsuite> <!-- database.page.TestSqlDataPage -->
