<?xml version="1.0" encoding="UTF-8"?>
<!-- Generated by org.testng.reporters.JUnitReportReporter -->
<testsuite skipped="0" hostname="Muhammads-MacBook-Air.local" name="excelReader.TestEnterZip" tests="1" failures="0" timestamp="02 Jun 2018 14:14:17 GMT" time="51.218" errors="0">
  <testcase name="findQoutebyExcel" time="51.218" classname="excelReader.TestEnterZip"/>
</testsuite> <!-- excelReader.TestEnterZip -->
