<?xml version="1.0" encoding="UTF-8"?>
<!-- Generated by org.testng.reporters.JUnitReportReporter -->
<testsuite skipped="0" hostname="Muhammads-MacBook-Air.local" name="excelReader.TestEnterZip" tests="1" failures="0" timestamp="23 May 2018 01:24:19 GMT" time="34.331" errors="0">
  <testcase name="findQoutebyExcel" time="34.331" classname="excelReader.TestEnterZip"/>
</testsuite> <!-- excelReader.TestEnterZip -->
