<?xml version="1.0" encoding="UTF-8"?>
<!-- Generated by org.testng.reporters.JUnitReportReporter -->
<testsuite skipped="0" hostname="Muhammads-MacBook-Air.local" name="agentByZipCode.FindAgent" tests="1" failures="0" timestamp="21 May 2018 20:12:55 GMT" time="25.389" errors="0">
  <testcase name="printAgentName" time="25.389" classname="agentByZipCode.FindAgent"/>
</testsuite> <!-- agentByZipCode.FindAgent -->
