<?xml version="1.0" encoding="UTF-8"?>
<!-- Generated by org.testng.reporters.JUnitReportReporter -->
<testsuite skipped="0" hostname="Muhammads-MacBook-Air.local" name="excelReader.TestEnterZip" tests="1" failures="0" timestamp="23 May 2018 20:30:17 GMT" time="42.230" errors="0">
  <testcase name="findQoutebyExcel" time="42.230" classname="excelReader.TestEnterZip"/>
</testsuite> <!-- excelReader.TestEnterZip -->
