<?xml version="1.0" encoding="UTF-8"?>
<!-- Generated by org.testng.reporters.JUnitReportReporter -->
<testsuite skipped="0" hostname="Muhammads-MacBook-Air.local" name="agentByZipCode.FindAgent" tests="1" failures="0" timestamp="02 Jun 2018 14:14:17 GMT" time="22.643" errors="0">
  <testcase name="printAgentName" time="22.643" classname="agentByZipCode.FindAgent"/>
</testsuite> <!-- agentByZipCode.FindAgent -->
