<?xml version="1.0" encoding="UTF-8"?>
<!-- Generated by org.testng.reporters.JUnitReportReporter -->
<testsuite skipped="0" hostname="Muhammads-MacBook-Air.local" name="agentByZipCode.FindAgent" tests="1" failures="0" timestamp="23 May 2018 20:26:47 GMT" time="18.357" errors="0">
  <testcase name="printAgentName" time="18.357" classname="agentByZipCode.FindAgent"/>
</testsuite> <!-- agentByZipCode.FindAgent -->
