<?xml version="1.0" encoding="UTF-8"?>
<!-- Generated by org.testng.reporters.JUnitReportReporter -->
<testsuite skipped="0" hostname="Muhammads-MacBook-Air.local" name="keyword.TestFeatures" tests="1" failures="0" timestamp="23 May 2018 01:24:19 GMT" time="26.815" errors="0">
  <testcase name="testKeyword" time="26.815" classname="keyword.TestFeatures"/>
</testsuite> <!-- keyword.TestFeatures -->
